INFO: [VRFC 10-2263] Analyzing SystemVerilog file "C:/Users/Sebastian Lopez/Downloads/DL2010_Lopez/Lab07/Lab07.srcs/sources_1/new/BCD11.sv" into library xil_defaultlib
INFO: [VRFC 10-311] analyzing module BCD11
INFO: [VRFC 10-2263] Analyzing SystemVerilog file "C:/Users/Sebastian Lopez/Downloads/DL2010_Lopez/Lab07/Lab07.srcs/sources_1/new/add3.sv" into library xil_defaultlib
INFO: [VRFC 10-311] analyzing module add3
INFO: [VRFC 10-2263] Analyzing SystemVerilog file "C:/Users/Sebastian Lopez/Downloads/DL2010_Lopez/Lab08/Lab08.srcs/sources_1/new/an_decoder.sv" into library xil_defaultlib
INFO: [VRFC 10-311] analyzing module an_decoder
INFO: [VRFC 10-2263] Analyzing SystemVerilog file "C:/Users/Sebastian Lopez/Downloads/DL2010_Lopez/Lab08/Lab08.srcs/sources_1/new/mux2.sv" into library xil_defaultlib
INFO: [VRFC 10-311] analyzing module mux2
INFO: [VRFC 10-2263] Analyzing SystemVerilog file "C:/Users/Sebastian Lopez/Downloads/DL2010_Lopez/Lab08/Lab08.srcs/sources_1/new/mux4.sv" into library xil_defaultlib
INFO: [VRFC 10-311] analyzing module mux4
INFO: [VRFC 10-2263] Analyzing SystemVerilog file "C:/Users/Sebastian Lopez/Downloads/DL2010_Lopez/Lab08/Lab08.srcs/sources_1/new/sseg4.sv" into library xil_defaultlib
INFO: [VRFC 10-311] analyzing module sseg4
INFO: [VRFC 10-2263] Analyzing SystemVerilog file "C:/Users/Sebastian Lopez/Downloads/DL2010_Lopez/Lab07/Lab07.srcs/sources_1/new/sseg_decoder.sv" into library xil_defaultlib
INFO: [VRFC 10-311] analyzing module sseg_decoder
INFO: [VRFC 10-2263] Analyzing SystemVerilog file "C:/Users/Sebastian Lopez/Downloads/DL2010_Lopez/Lab08/Lab08.srcs/sources_1/new/sseg4_manual.sv" into library xil_defaultlib
INFO: [VRFC 10-311] analyzing module sseg4_manual
INFO: [VRFC 10-2263] Analyzing SystemVerilog file "C:/Users/Sebastian Lopez/Downloads/DL2010_Lopez/Lab08/disp.sv" into library xil_defaultlib
INFO: [VRFC 10-311] analyzing module disp
INFO: [VRFC 10-2263] Analyzing SystemVerilog file "C:/Users/Sebastian Lopez/Downloads/DL2010_Lopez/Lab08/basys3.sv" into library xil_defaultlib
INFO: [VRFC 10-311] analyzing module basys3
INFO: [VRFC 10-2263] Analyzing SystemVerilog file "C:/Users/Sebastian Lopez/Downloads/DL2010_Lopez/Lab08/Lab08.srcs/sim_1/new/an_decoder_test.sv" into library xil_defaultlib
INFO: [VRFC 10-311] analyzing module an_decoder_test
INFO: [VRFC 10-2263] Analyzing SystemVerilog file "C:/Users/Sebastian Lopez/Downloads/DL2010_Lopez/Lab08/Lab08.srcs/sim_1/new/mux4_test.sv" into library xil_defaultlib
INFO: [VRFC 10-311] analyzing module mux4_test
INFO: [VRFC 10-2263] Analyzing SystemVerilog file "C:/Users/Sebastian Lopez/Downloads/DL2010_Lopez/Lab 06/Lab 06.srcs/sim_1/new/mux2_4b_test.sv" into library xil_defaultlib
INFO: [VRFC 10-311] analyzing module mux2_test
