
*** Running vivado
    with args -log sseg1_BCD.vds -m64 -product Vivado -mode batch -messageDb vivado.pb -notrace -source sseg1_BCD.tcl


****** Vivado v2018.3 (64-bit)
  **** SW Build 2405991 on Thu Dec  6 23:38:27 MST 2018
  **** IP Build 2404404 on Fri Dec  7 01:43:56 MST 2018
    ** Copyright 1986-2018 Xilinx, Inc. All Rights Reserved.

source sseg1_BCD.tcl -notrace
Command: synth_design -top sseg1_BCD -part xc7a35tcpg236-1
Starting synth_design
Attempting to get a license for feature 'Synthesis' and/or device 'xc7a35t'
INFO: [Common 17-349] Got license for feature 'Synthesis' and/or device 'xc7a35t'
INFO: Launching helper process for spawning children vivado processes
INFO: Helper process launched with PID 2488 
---------------------------------------------------------------------------------
Starting RTL Elaboration : Time (s): cpu = 00:00:02 ; elapsed = 00:00:03 . Memory (MB): peak = 373.156 ; gain = 101.102
---------------------------------------------------------------------------------
INFO: [Synth 8-6157] synthesizing module 'sseg1_BCD' [C:/Users/LOPEZS/Desktop/DL2010_Lopez/Lab07/Lab07.srcs/sources_1/new/sseg1_BCD.sv:5]
INFO: [Synth 8-6157] synthesizing module 'BCD11' [C:/Users/LOPEZS/Desktop/DL2010_Lopez/Lab07/Lab07.srcs/sources_1/new/BCD11.sv:5]
INFO: [Synth 8-6157] synthesizing module 'add3' [C:/Users/LOPEZS/Desktop/DL2010_Lopez/Lab07/Lab07.srcs/sources_1/new/add3.sv:5]
INFO: [Synth 8-6155] done synthesizing module 'add3' (1#1) [C:/Users/LOPEZS/Desktop/DL2010_Lopez/Lab07/Lab07.srcs/sources_1/new/add3.sv:5]
INFO: [Synth 8-6155] done synthesizing module 'BCD11' (2#1) [C:/Users/LOPEZS/Desktop/DL2010_Lopez/Lab07/Lab07.srcs/sources_1/new/BCD11.sv:5]
INFO: [Synth 8-6157] synthesizing module 'mux2_4b' [C:/Users/LOPEZS/Desktop/DL2010_Lopez/Lab07/Lab07.srcs/sources_1/new/mux2_4b.sv:5]
INFO: [Synth 8-6155] done synthesizing module 'mux2_4b' (3#1) [C:/Users/LOPEZS/Desktop/DL2010_Lopez/Lab07/Lab07.srcs/sources_1/new/mux2_4b.sv:5]
INFO: [Synth 8-6157] synthesizing module 'sseg_decoder' [C:/Users/LOPEZS/Desktop/DL2010_Lopez/Lab07/Lab07.srcs/sources_1/new/sseg_decoder.sv:4]
INFO: [Synth 8-6155] done synthesizing module 'sseg_decoder' (4#1) [C:/Users/LOPEZS/Desktop/DL2010_Lopez/Lab07/Lab07.srcs/sources_1/new/sseg_decoder.sv:4]
INFO: [Synth 8-6155] done synthesizing module 'sseg1_BCD' (5#1) [C:/Users/LOPEZS/Desktop/DL2010_Lopez/Lab07/Lab07.srcs/sources_1/new/sseg1_BCD.sv:5]
WARNING: [Synth 8-3917] design sseg1_BCD has port an[3] driven by constant 1
WARNING: [Synth 8-3917] design sseg1_BCD has port an[2] driven by constant 1
WARNING: [Synth 8-3917] design sseg1_BCD has port dp driven by constant 1
WARNING: [Synth 8-3331] design sseg1_BCD has unconnected port sw[14]
WARNING: [Synth 8-3331] design sseg1_BCD has unconnected port sw[13]
WARNING: [Synth 8-3331] design sseg1_BCD has unconnected port sw[12]
WARNING: [Synth 8-3331] design sseg1_BCD has unconnected port sw[11]
---------------------------------------------------------------------------------
Finished RTL Elaboration : Time (s): cpu = 00:00:03 ; elapsed = 00:00:04 . Memory (MB): peak = 429.586 ; gain = 157.531
---------------------------------------------------------------------------------

Report Check Netlist: 
+------+------------------+-------+---------+-------+------------------+
|      |Item              |Errors |Warnings |Status |Description       |
+------+------------------+-------+---------+-------+------------------+
|1     |multi_driven_nets |      0|        0|Passed |Multi driven nets |
+------+------------------+-------+---------+-------+------------------+
---------------------------------------------------------------------------------
Start Handling Custom Attributes
---------------------------------------------------------------------------------
---------------------------------------------------------------------------------
Finished Handling Custom Attributes : Time (s): cpu = 00:00:03 ; elapsed = 00:00:04 . Memory (MB): peak = 429.586 ; gain = 157.531
---------------------------------------------------------------------------------
---------------------------------------------------------------------------------
Finished RTL Optimization Phase 1 : Time (s): cpu = 00:00:03 ; elapsed = 00:00:04 . Memory (MB): peak = 429.586 ; gain = 157.531
---------------------------------------------------------------------------------
INFO: [Device 21-403] Loading part xc7a35tcpg236-1
INFO: [Project 1-570] Preparing netlist for logic optimization

Processing XDC Constraints
Initializing timing engine
Parsing XDC File [C:/Users/LOPEZS/Desktop/DL2010_Lopez/Lab07/sseg.xdc]
Finished Parsing XDC File [C:/Users/LOPEZS/Desktop/DL2010_Lopez/Lab07/sseg.xdc]
INFO: [Project 1-236] Implementation specific constraints were found while reading constraint file [C:/Users/LOPEZS/Desktop/DL2010_Lopez/Lab07/sseg.xdc]. These constraints will be ignored for synthesis but will be used in implementation. Impacted constraints are listed in the file [.Xil/sseg1_BCD_propImpl.xdc].
Resolution: To avoid this warning, move constraints listed in [.Xil/sseg1_BCD_propImpl.xdc] to another XDC file and exclude this new file from synthesis with the used_in_synthesis property (File Properties dialog in GUI) and re-run elaboration/synthesis.
Parsing XDC File [C:/Users/LOPEZS/Desktop/DL2010_Lopez/Lab07/switches.xdc]
Finished Parsing XDC File [C:/Users/LOPEZS/Desktop/DL2010_Lopez/Lab07/switches.xdc]
INFO: [Project 1-236] Implementation specific constraints were found while reading constraint file [C:/Users/LOPEZS/Desktop/DL2010_Lopez/Lab07/switches.xdc]. These constraints will be ignored for synthesis but will be used in implementation. Impacted constraints are listed in the file [.Xil/sseg1_BCD_propImpl.xdc].
Resolution: To avoid this warning, move constraints listed in [.Xil/sseg1_BCD_propImpl.xdc] to another XDC file and exclude this new file from synthesis with the used_in_synthesis property (File Properties dialog in GUI) and re-run elaboration/synthesis.
Netlist sorting complete. Time (s): cpu = 00:00:00 ; elapsed = 00:00:00 . Memory (MB): peak = 751.902 ; gain = 0.000
Completed Processing XDC Constraints

Netlist sorting complete. Time (s): cpu = 00:00:00 ; elapsed = 00:00:00 . Memory (MB): peak = 751.902 ; gain = 0.000
INFO: [Project 1-111] Unisim Transformation Summary:
No Unisim elements were transformed.

Netlist sorting complete. Time (s): cpu = 00:00:00 ; elapsed = 00:00:00 . Memory (MB): peak = 751.902 ; gain = 0.000
Constraint Validation Runtime : Time (s): cpu = 00:00:00 ; elapsed = 00:00:00.007 . Memory (MB): peak = 751.902 ; gain = 0.000
---------------------------------------------------------------------------------
Finished Constraint Validation : Time (s): cpu = 00:00:10 ; elapsed = 00:00:13 . Memory (MB): peak = 751.902 ; gain = 479.848
---------------------------------------------------------------------------------
---------------------------------------------------------------------------------
Start Loading Part and Timing Information
---------------------------------------------------------------------------------
Loading part: xc7a35tcpg236-1
---------------------------------------------------------------------------------
Finished Loading Part and Timing Information : Time (s): cpu = 00:00:10 ; elapsed = 00:00:13 . Memory (MB): peak = 751.902 ; gain = 479.848
---------------------------------------------------------------------------------
---------------------------------------------------------------------------------
Start Applying 'set_property' XDC Constraints
---------------------------------------------------------------------------------
---------------------------------------------------------------------------------
Finished applying 'set_property' XDC Constraints : Time (s): cpu = 00:00:10 ; elapsed = 00:00:13 . Memory (MB): peak = 751.902 ; gain = 479.848
---------------------------------------------------------------------------------
---------------------------------------------------------------------------------
Finished RTL Optimization Phase 2 : Time (s): cpu = 00:00:10 ; elapsed = 00:00:13 . Memory (MB): peak = 751.902 ; gain = 479.848
---------------------------------------------------------------------------------

Report RTL Partitions: 
+-+--------------+------------+----------+
| |RTL Partition |Replication |Instances |
+-+--------------+------------+----------+
+-+--------------+------------+----------+
---------------------------------------------------------------------------------
Start RTL Component Statistics 
---------------------------------------------------------------------------------
Detailed RTL Component Info : 
+---Adders : 
	   2 Input      4 Bit       Adders := 15    
+---Muxes : 
	   2 Input      4 Bit        Muxes := 16    
---------------------------------------------------------------------------------
Finished RTL Component Statistics 
---------------------------------------------------------------------------------
---------------------------------------------------------------------------------
Start RTL Hierarchical Component Statistics 
---------------------------------------------------------------------------------
Hierarchical RTL Component report 
Module add3 
Detailed RTL Component Info : 
+---Adders : 
	   2 Input      4 Bit       Adders := 1     
+---Muxes : 
	   2 Input      4 Bit        Muxes := 1     
Module mux2_4b 
Detailed RTL Component Info : 
+---Muxes : 
	   2 Input      4 Bit        Muxes := 1     
---------------------------------------------------------------------------------
Finished RTL Hierarchical Component Statistics
---------------------------------------------------------------------------------
---------------------------------------------------------------------------------
Start Part Resource Summary
---------------------------------------------------------------------------------
Part Resources:
DSPs: 90 (col length:60)
BRAMs: 100 (col length: RAMB18 60 RAMB36 30)
---------------------------------------------------------------------------------
Finished Part Resource Summary
---------------------------------------------------------------------------------
---------------------------------------------------------------------------------
Start Cross Boundary and Area Optimization
---------------------------------------------------------------------------------
Warning: Parallel synthesis criteria is not met 
WARNING: [Synth 8-3917] design sseg1_BCD has port an[3] driven by constant 1
WARNING: [Synth 8-3917] design sseg1_BCD has port an[2] driven by constant 1
WARNING: [Synth 8-3917] design sseg1_BCD has port dp driven by constant 1
WARNING: [Synth 8-3331] design sseg1_BCD has unconnected port sw[14]
WARNING: [Synth 8-3331] design sseg1_BCD has unconnected port sw[13]
WARNING: [Synth 8-3331] design sseg1_BCD has unconnected port sw[12]
WARNING: [Synth 8-3331] design sseg1_BCD has unconnected port sw[11]
---------------------------------------------------------------------------------
Finished Cross Boundary and Area Optimization : Time (s): cpu = 00:00:13 ; elapsed = 00:00:16 . Memory (MB): peak = 751.902 ; gain = 479.848
---------------------------------------------------------------------------------

Report RTL Partitions: 
+-+--------------+------------+----------+
| |RTL Partition |Replication |Instances |
+-+--------------+------------+----------+
+-+--------------+------------+----------+
---------------------------------------------------------------------------------
Start Applying XDC Timing Constraints
---------------------------------------------------------------------------------
---------------------------------------------------------------------------------
Finished Applying XDC Timing Constraints : Time (s): cpu = 00:00:20 ; elapsed = 00:00:23 . Memory (MB): peak = 751.902 ; gain = 479.848
---------------------------------------------------------------------------------
---------------------------------------------------------------------------------
Start Timing Optimization
---------------------------------------------------------------------------------
---------------------------------------------------------------------------------
Finished Timing Optimization : Time (s): cpu = 00:00:20 ; elapsed = 00:00:23 . Memory (MB): peak = 751.902 ; gain = 479.848
---------------------------------------------------------------------------------

Report RTL Partitions: 
+-+--------------+------------+----------+
| |RTL Partition |Replication |Instances |
+-+--------------+------------+----------+
+-+--------------+------------+----------+
---------------------------------------------------------------------------------
Start Technology Mapping
---------------------------------------------------------------------------------
---------------------------------------------------------------------------------
Finished Technology Mapping : Time (s): cpu = 00:00:20 ; elapsed = 00:00:23 . Memory (MB): peak = 762.156 ; gain = 490.102
---------------------------------------------------------------------------------

Report RTL Partitions: 
+-+--------------+------------+----------+
| |RTL Partition |Replication |Instances |
+-+--------------+------------+----------+
+-+--------------+------------+----------+
---------------------------------------------------------------------------------
Start IO Insertion
---------------------------------------------------------------------------------
---------------------------------------------------------------------------------
Start Flattening Before IO Insertion
---------------------------------------------------------------------------------
---------------------------------------------------------------------------------
Finished Flattening Before IO Insertion
---------------------------------------------------------------------------------
---------------------------------------------------------------------------------
Start Final Netlist Cleanup
---------------------------------------------------------------------------------
---------------------------------------------------------------------------------
Finished Final Netlist Cleanup
---------------------------------------------------------------------------------
---------------------------------------------------------------------------------
Finished IO Insertion : Time (s): cpu = 00:00:21 ; elapsed = 00:00:24 . Memory (MB): peak = 762.156 ; gain = 490.102
---------------------------------------------------------------------------------

Report Check Netlist: 
+------+------------------+-------+---------+-------+------------------+
|      |Item              |Errors |Warnings |Status |Description       |
+------+------------------+-------+---------+-------+------------------+
|1     |multi_driven_nets |      0|        0|Passed |Multi driven nets |
+------+------------------+-------+---------+-------+------------------+
---------------------------------------------------------------------------------
Start Renaming Generated Instances
---------------------------------------------------------------------------------
---------------------------------------------------------------------------------
Finished Renaming Generated Instances : Time (s): cpu = 00:00:21 ; elapsed = 00:00:24 . Memory (MB): peak = 762.156 ; gain = 490.102
---------------------------------------------------------------------------------

Report RTL Partitions: 
+-+--------------+------------+----------+
| |RTL Partition |Replication |Instances |
+-+--------------+------------+----------+
+-+--------------+------------+----------+
---------------------------------------------------------------------------------
Start Rebuilding User Hierarchy
---------------------------------------------------------------------------------
---------------------------------------------------------------------------------
Finished Rebuilding User Hierarchy : Time (s): cpu = 00:00:21 ; elapsed = 00:00:24 . Memory (MB): peak = 762.156 ; gain = 490.102
---------------------------------------------------------------------------------
---------------------------------------------------------------------------------
Start Renaming Generated Ports
---------------------------------------------------------------------------------
---------------------------------------------------------------------------------
Finished Renaming Generated Ports : Time (s): cpu = 00:00:21 ; elapsed = 00:00:24 . Memory (MB): peak = 762.156 ; gain = 490.102
---------------------------------------------------------------------------------
---------------------------------------------------------------------------------
Start Handling Custom Attributes
---------------------------------------------------------------------------------
---------------------------------------------------------------------------------
Finished Handling Custom Attributes : Time (s): cpu = 00:00:21 ; elapsed = 00:00:24 . Memory (MB): peak = 762.156 ; gain = 490.102
---------------------------------------------------------------------------------
---------------------------------------------------------------------------------
Start Renaming Generated Nets
---------------------------------------------------------------------------------
---------------------------------------------------------------------------------
Finished Renaming Generated Nets : Time (s): cpu = 00:00:21 ; elapsed = 00:00:24 . Memory (MB): peak = 762.156 ; gain = 490.102
---------------------------------------------------------------------------------
---------------------------------------------------------------------------------
Start Writing Synthesis Report
---------------------------------------------------------------------------------

Report BlackBoxes: 
+-+--------------+----------+
| |BlackBox name |Instances |
+-+--------------+----------+
+-+--------------+----------+

Report Cell Usage: 
+------+------+------+
|      |Cell  |Count |
+------+------+------+
|1     |LUT3  |     4|
|2     |LUT4  |     3|
|3     |LUT5  |     4|
|4     |LUT6  |    18|
|5     |MUXF7 |     1|
|6     |IBUF  |    12|
|7     |OBUF  |    12|
+------+------+------+

Report Instance Areas: 
+------+---------+-------+------+
|      |Instance |Module |Cells |
+------+---------+-------+------+
|1     |top      |       |    54|
+------+---------+-------+------+
---------------------------------------------------------------------------------
Finished Writing Synthesis Report : Time (s): cpu = 00:00:21 ; elapsed = 00:00:24 . Memory (MB): peak = 762.156 ; gain = 490.102
---------------------------------------------------------------------------------
Synthesis finished with 0 errors, 0 critical warnings and 7 warnings.
Synthesis Optimization Runtime : Time (s): cpu = 00:00:13 ; elapsed = 00:00:18 . Memory (MB): peak = 762.156 ; gain = 167.785
Synthesis Optimization Complete : Time (s): cpu = 00:00:21 ; elapsed = 00:00:25 . Memory (MB): peak = 762.156 ; gain = 490.102
INFO: [Project 1-571] Translating synthesized netlist
INFO: [Netlist 29-17] Analyzing 1 Unisim elements for replacement
INFO: [Netlist 29-28] Unisim Transformation completed in 0 CPU seconds
INFO: [Project 1-570] Preparing netlist for logic optimization
INFO: [Opt 31-138] Pushed 0 inverter(s) to 0 load pin(s).
Netlist sorting complete. Time (s): cpu = 00:00:00 ; elapsed = 00:00:00 . Memory (MB): peak = 768.723 ; gain = 0.000
INFO: [Project 1-111] Unisim Transformation Summary:
No Unisim elements were transformed.

INFO: [Common 17-83] Releasing license: Synthesis
23 Infos, 14 Warnings, 0 Critical Warnings and 0 Errors encountered.
synth_design completed successfully
synth_design: Time (s): cpu = 00:00:23 ; elapsed = 00:00:27 . Memory (MB): peak = 768.723 ; gain = 508.977
Netlist sorting complete. Time (s): cpu = 00:00:00 ; elapsed = 00:00:00 . Memory (MB): peak = 768.723 ; gain = 0.000
WARNING: [Constraints 18-5210] No constraints selected for write.
Resolution: This message can indicate that there are no constraints for the design, or it can indicate that the used_in flags are set such that the constraints are ignored. This later case is used when running synth_design to not write synthesis constraints to the resulting checkpoint. Instead, project constraints are read when the synthesized design is opened.
INFO: [Common 17-1381] The checkpoint 'C:/Users/LOPEZS/Desktop/DL2010_Lopez/Lab07/Lab07.runs/synth_1/sseg1_BCD.dcp' has been generated.
INFO: [runtcl-4] Executing : report_utilization -file sseg1_BCD_utilization_synth.rpt -pb sseg1_BCD_utilization_synth.pb
INFO: [Common 17-206] Exiting Vivado at Thu Mar  5 09:37:33 2020...
