#-----------------------------------------------------------
# Vivado v2018.3 (64-bit)
# SW Build 2405991 on Thu Dec  6 23:38:27 MST 2018
# IP Build 2404404 on Fri Dec  7 01:43:56 MST 2018
# Start of session at: Wed Mar  4 22:52:20 2020
# Process ID: 16184
# Current directory: C:/Users/LOPEZS/Desktop/Lab07
# Command line: vivado.exe -gui_launcher_event rodinguilauncherevent12980 C:\Users\LOPEZS\Desktop\Lab07\Lab07.xpr
# Log file: C:/Users/LOPEZS/Desktop/Lab07/vivado.log
# Journal file: C:/Users/LOPEZS/Desktop/Lab07\vivado.jou
#-----------------------------------------------------------
start_gui
open_project C:/Users/LOPEZS/Desktop/Lab07/Lab07.xpr
Scanning sources...
Finished scanning sources
INFO: [IP_Flow 19-234] Refreshing IP repositories
INFO: [IP_Flow 19-1704] No user IP repositories specified
INFO: [IP_Flow 19-2313] Loaded Vivado IP repository 'C:/XilinxVivado/Vivado/2018.3/data/ip'.
open_project: Time (s): cpu = 00:00:12 ; elapsed = 00:00:06 . Memory (MB): peak = 704.270 ; gain = 125.840
update_compile_order -fileset sources_1
exit
INFO: [Common 17-206] Exiting Vivado at Wed Mar  4 22:53:57 2020...
