#-----------------------------------------------------------
# Vivado v2018.3 (64-bit)
# SW Build 2405991 on Thu Dec  6 23:38:27 MST 2018
# IP Build 2404404 on Fri Dec  7 01:43:56 MST 2018
# Start of session at: Thu Feb 27 14:36:53 2020
# Process ID: 5880
# Current directory: C:/Users/LOPEZS/Desktop/DL2010_Lopez/Lab 06
# Command line: vivado.exe -gui_launcher_event rodinguilauncherevent784 C:\Users\LOPEZS\Desktop\DL2010_Lopez\Lab 06\Lab 06.xpr
# Log file: C:/Users/LOPEZS/Desktop/DL2010_Lopez/Lab 06/vivado.log
# Journal file: C:/Users/LOPEZS/Desktop/DL2010_Lopez/Lab 06\vivado.jou
#-----------------------------------------------------------
start_gui
open_project {C:/Users/LOPEZS/Desktop/DL2010_Lopez/Lab 06/Lab 06.xpr}
Scanning sources...
Finished scanning sources
INFO: [IP_Flow 19-234] Refreshing IP repositories
INFO: [IP_Flow 19-1704] No user IP repositories specified
INFO: [IP_Flow 19-2313] Loaded Vivado IP repository 'C:/XilinxVivado/Vivado/2018.3/data/ip'.
open_project: Time (s): cpu = 00:00:13 ; elapsed = 00:00:06 . Memory (MB): peak = 702.652 ; gain = 117.254
update_compile_order -fileset sources_1
