#-----------------------------------------------------------
# Vivado v2018.3 (64-bit)
# SW Build 2405991 on Thu Dec  6 23:38:27 MST 2018
# IP Build 2404404 on Fri Dec  7 01:43:56 MST 2018
# Start of session at: Wed Feb 26 21:09:16 2020
# Process ID: 6792
# Current directory: C:/Users/LOPEZS/Desktop/DL2010_Lopez/Lab05
# Command line: vivado.exe -gui_launcher_event rodinguilauncherevent7736 C:\Users\LOPEZS\Desktop\DL2010_Lopez\Lab05\Lab05.xpr
# Log file: C:/Users/LOPEZS/Desktop/DL2010_Lopez/Lab05/vivado.log
# Journal file: C:/Users/LOPEZS/Desktop/DL2010_Lopez/Lab05\vivado.jou
#-----------------------------------------------------------
start_gui
open_project C:/Users/LOPEZS/Desktop/DL2010_Lopez/Lab05/Lab05.xpr
Scanning sources...
Finished scanning sources
INFO: [IP_Flow 19-234] Refreshing IP repositories
INFO: [IP_Flow 19-1704] No user IP repositories specified
INFO: [IP_Flow 19-2313] Loaded Vivado IP repository 'C:/XilinxVivado/Vivado/2018.3/data/ip'.
update_compile_order -fileset sources_1
set_property top fulladder_test [get_filesets sim_1]
set_property top_lib xil_defaultlib [get_filesets sim_1]exit
INFO: [Common 17-206] Exiting Vivado at Wed Feb 26 22:46:46 2020...
On-the-fly" syntax checking information may be incorrect. [C:/Users/LOPEZS/Desktop/DL2010_Lopez/Lab05/Lab05.srcs/sources_1/new/addsub.sv:]
WARNING: [filemgmt 56-199] Attempt to get parsing info during refresh. "On-the-fly" syntax checking information may be incorrect. [C:/Users/LOPEZS/Desktop/DL2010_Lopez/Lab05/Lab05.srcs/sources_1/new/fulladder.sv:]
WARNING: [filemgmt 56-199] Attempt to get parsing info during refresh. "On-the-fly" syntax checking information may be incorrect. [C:/Users/LOPEZS/Desktop/DL2010_Lopez/Lab05/Lab05.srcs/sim_1/new/fulladder_test.sv:]
WARNING: [filemgmt 56-199] Attempt to get parsing info during refresh. "On-the-fly" syntax checking information may be incorrect. [C:/Users/LOPEZS/Desktop/DL2010_Lopez/Lab05/Lab05.srcs/sources_1/new/halfadder.sv:]
WARNING: [filemgmt 56-199] Attempt to get parsing info during refresh. "On-the-fly" syntax checking information may be incorrect. [C:/Users/LOPEZS/Desktop/DL2010_Lopez/Lab05/Lab05.srcs/sources_1/new/addsub.sv:]
WARNING: [filemgmt 56-199] Attempt to get parsing info during refresh. "On-the-fly" syntax checking information may be incorrect. [C:/Users/LOPEZS/Desktop/DL2010_Lopez/Lab05/Lab05.srcs/sources_1/new/fulladder.sv:]
WARNING: [filemgmt 56-199] Attempt to get parsing info during refresh. "On-the-fly" syntax checking information may be incorrect. [C:/Users/LOPEZS/Desktop/DL2010_Lopez/Lab05/Lab05.srcs/sim_1/new/fulladder_test.sv:]
WARNING: [filemgmt 56-199] Attempt to get parsing info during refresh. "On-the-fly" syntax checking information may be incorrect. [C:/Users/LOPEZS/Desktop/DL2010_Lopez/Lab05/Lab05.srcs/sources_1/new/halfadder.sv:]
WARNING: [filemgmt 56-199] Attempt to get parsing info during refresh. "On-the-fly" syntax checking information may be incorrect. [C:/Users/LOPEZS/Desktop/DL2010_Lopez/Lab05/Lab05.srcs/sources_1/new/addsub.sv:]
WARNING: [filemgmt 56-199] Attempt to get parsing info during refresh. "On-the-fly" syntax checking information may be incorrect. [C:/Users/LOPEZS/Desktop/DL2010_Lopez/Lab05/Lab05.srcs/sources_1/new/fulladder.sv:]
WARNING: [filemgmt 56-199] Attempt to get parsing info during refresh. "On-the-fly" syntax checking information may be incorrect. [C:/Users/LOPEZS/Desktop/DL2010_Lopez/Lab05/Lab05.srcs/sim_1/new/fulladder_test.sv:]
WARNING: [filemgmt 56-199] Attempt to get parsing info during refresh. "On-the-fly" syntax checking information may be incorrect. [C:/Users/LOPEZS/Desktop/DL2010_Lopez/Lab05/Lab05.srcs/sources_1/new/halfadder.sv:]
ERROR: [Common 17-180] Spawn failed: No error
update_compile_order -fileset sim_1
launch_simulation
INFO: [Vivado 12-5682] Launching behavioral simulation in 'C:/Users/LOPEZS/Desktop/DL2010_Lopez/Lab05/Lab05.sim/sim_1/behav/xsim'
INFO: [SIM-utils-51] Simulation object is 'sim_1'
INFO: [SIM-utils-54] Inspecting design source files for 'fulladder_test' in fileset 'sim_1'...
INFO: [USF-XSim-97] Finding global include files...
INFO: [USF-XSim-98] Fetching design files from 'sim_1'...
INFO: [USF-XSim-2] XSim::Compile design
INFO: [USF-XSim-61] Executing 'COMPILE and ANALYZE' step in 'C:/Users/LOPEZS/Desktop/DL2010_Lopez/Lab05/Lab05.sim/sim_1/behav/xsim'
"xvlog --incr --relax -prj fulladder_test_vlog.prj"
INFO: [VRFC 10-2263] Analyzing SystemVerilog file "C:/Users/LOPEZS/Desktop/DL2010_Lopez/Lab05/Lab05.srcs/sources_1/new/halfadder.sv" into library xil_defaultlib
INFO: [VRFC 10-311] analyzing module halfadder
INFO: [VRFC 10-2263] Analyzing SystemVerilog file "C:/Users/LOPEZS/Desktop/DL2010_Lopez/Lab05/Lab05.srcs/sim_1/new/fulladder_test.sv" into library xil_defaultlib
INFO: [VRFC 10-311] analyzing module fulladder_test
INFO: [VRFC 10-2263] Analyzing Verilog file "C:/Users/LOPEZS/Desktop/DL2010_Lopez/Lab05/Lab05.sim/sim_1/behav/xsim/glbl.v" into library xil_defaultlib
INFO: [VRFC 10-311] analyzing module glbl
INFO: [USF-XSim-69] 'compile' step finished in '1' seconds
INFO: [USF-XSim-3] XSim::Elaborate design
INFO: [USF-XSim-61] Executing 'ELABORATE' step in 'C:/Users/LOPEZS/Desktop/DL2010_Lopez/Lab05/Lab05.sim/sim_1/behav/xsim'
Vivado Simulator 2018.3
Copyright 1986-1999, 2001-2018 Xilinx, Inc. All Rights Reserved.
Running: C:/XilinxVivado/Vivado/2018.3/bin/unwrapped/win64.o/xelab.exe -wto 8b4d1040c1814b538b10050cb3c23144 --incr --debug typical --relax --mt 2 -L xil_defaultlib -L unisims_ver -L unimacro_ver -L secureip --snapshot fulladder_test_behav xil_defaultlib.fulladder_test xil_defaultlib.glbl -log elaborate.log 
Using 2 slave threads.
Starting static elaboration
Completed static elaboration
Starting simulation data flow analysis
Completed simulation data flow analysis
Time Resolution for simulation is 1ps
Compiling module xil_defaultlib.halfadder
Compiling module xil_defaultlib.fulladder_test
Compiling module xil_defaultlib.glbl
Built simulation snapshot fulladder_test_behav

****** Webtalk v2018.3 (64-bit)
  **** SW Build 2405991 on Thu Dec  6 23:38:27 MST 2018
  **** IP Build 2404404 on Fri Dec  7 01:43:56 MST 2018
    ** Copyright 1986-2018 Xilinx, Inc. All Rights Reserved.

source C:/Users/LOPEZS/Desktop/DL2010_Lopez/Lab05/Lab05.sim/sim_1/behav/xsim/xsim.dir/fulladder_test_behav/webtalk/xsim_webtalk.tcl -notrace
INFO: [Common 17-186] 'C:/Users/LOPEZS/Desktop/DL2010_Lopez/Lab05/Lab05.sim/sim_1/behav/xsim/xsim.dir/fulladder_test_behav/webtalk/usage_statistics_ext_xsim.xml' has been successfully sent to Xilinx on Wed Feb 26 21:31:10 2020. For additional details about this file, please refer to the WebTalk help file at C:/XilinxVivado/Vivado/2018.3/doc/webtalk_introduction.html.
INFO: [Common 17-206] Exiting Webtalk at Wed Feb 26 21:31:10 2020...
run_program: Time (s): cpu = 00:00:01 ; elapsed = 00:00:06 . Memory (MB): peak = 730.645 ; gain = 0.000
INFO: [USF-XSim-69] 'elaborate' step finished in '5' seconds
INFO: [USF-XSim-4] XSim::Simulate design
INFO: [USF-XSim-61] Executing 'SIMULATE' step in 'C:/Users/LOPEZS/Desktop/DL2010_Lopez/Lab05/Lab05.sim/sim_1/behav/xsim'
INFO: [USF-XSim-98] *** Running xsim
   with args "fulladder_test_behav -key {Behavioral:sim_1:Functional:fulladder_test} -tclbatch {fulladder_test.tcl} -log {simulate.log}"
INFO: [USF-XSim-8] Loading simulator feature
Vivado Simulator 2018.3
Time resolution is 1 ps
source fulladder_test.tcl
# set curr_wave [current_wave_config]
# if { [string length $curr_wave] == 0 } {
#   if { [llength [get_objects]] > 0} {
#     add_wave /
#     set_property needs_save false [current_wave_config]
#   } else {
#      send_msg_id Add_Wave-1 WARNING "No top level signals found. Simulator will start without a wave window. If you want to open a wave window go to 'File->New Waveform Configuration' or type 'create_wave_config' in the TCL console."
#   }
# }
# run 1000ns
$finish called at time : 60 ns : File "C:/Users/LOPEZS/Desktop/DL2010_Lopez/Lab05/Lab05.srcs/sim_1/new/fulladder_test.sv" Line 57
INFO: [USF-XSim-96] XSim completed. Design snapshot 'fulladder_test_behav' loaded.
INFO: [USF-XSim-97] XSim simulation ran for 1000ns
launch_simulation: Time (s): cpu = 00:00:07 ; elapsed = 00:00:11 . Memory (MB): peak = 755.129 ; gain = 25.953
close_sim
INFO: [Simtcl 6-16] Simulation closed
close_sim: Time (s): cpu = 00:00:02 ; elapsed = 00:00:06 . Memory (MB): peak = 766.133 ; gain = 0.000
exit
INFO: [Common 17-206] Exiting Vivado at Wed Feb 26 22:16:06 2020...
